Using pre-set license
Built from '2020.3/staging' branch; Version is '2020.3.29f1 (2ff179115da0) revision 3142009'; Using compiler version '192528614'; Build Type 'Release'
OS: 'Windows 11  (10.0.22000) 64bit Professional' Language: 'tr' Physical Memory: 8123 MB
BatchMode: 1, IsHumanControllingUs: 0, StartBugReporterOnCrash: 0, Is64bit: 1, IsPro: 0

COMMAND LINE ARGUMENTS:
C:\Program Files\Unity\Hub\Editor\2020.3.29f1\Editor\Unity.exe
-adb2
-batchMode
-noUpm
-name
AssetImportWorker0
-projectPath
C:/Users/burak/Documents/GitHub/Hyper-Casual-Project
-logFile
Logs/AssetImportWorker0.log
-srvPort
51264
Successfully changed project path to: C:/Users/burak/Documents/GitHub/Hyper-Casual-Project
C:/Users/burak/Documents/GitHub/Hyper-Casual-Project
Using Asset Import Pipeline V2.
Refreshing native plugins compatible for Editor in 40.98 ms, found 2 plugins.
Preloading 0 native plugins for Editor in 0.00 ms.
Initialize engine version: 2020.3.29f1 (2ff179115da0)
[Subsystems] Discovering subsystems at path C:/Program Files/Unity/Hub/Editor/2020.3.29f1/Editor/Data/Resources/UnitySubsystems
[Subsystems] Discovering subsystems at path C:/Users/burak/Documents/GitHub/Hyper-Casual-Project/Assets
GfxDevice: creating device client; threaded=0
Direct3D:
    Version:  Direct3D 11.0 [level 11.1]
    Renderer: Radeon RX 570 Series (ID=0x67df)
    Vendor:   
    VRAM:     4074 MB
    Driver:   31.0.12015.1008
Initialize mono
Mono path[0] = 'C:/Program Files/Unity/Hub/Editor/2020.3.29f1/Editor/Data/Managed'
Mono path[1] = 'C:/Program Files/Unity/Hub/Editor/2020.3.29f1/Editor/Data/MonoBleedingEdge/lib/mono/unityjit'
Mono config path = 'C:/Program Files/Unity/Hub/Editor/2020.3.29f1/Editor/Data/MonoBleedingEdge/etc'
Using monoOptions --debugger-agent=transport=dt_socket,embedding=1,server=y,suspend=n,address=127.0.0.1:56164
Begin MonoManager ReloadAssembly
Registering precompiled unity dll's ...
Register platform support module: C:/Program Files/Unity/Hub/Editor/2020.3.29f1/Editor/Data/PlaybackEngines/WindowsStandaloneSupport/UnityEditor.WindowsStandalone.Extensions.dll
Registered in 0.001899 seconds.
Native extension for WindowsStandalone target not found
Refreshing native plugins compatible for Editor in 39.40 ms, found 2 plugins.
Preloading 0 native plugins for Editor in 0.00 ms.
Mono: successfully reloaded assembly
- Completed reload, in  0.665 seconds
Domain Reload Profiling:
	ReloadAssembly (665ms)
		BeginReloadAssembly (73ms)
			ExecutionOrderSort (0ms)
			DisableScriptedObjects (0ms)
			BackupInstance (0ms)
			ReleaseScriptingObjects (0ms)
			CreateAndSetChildDomain (1ms)
		EndReloadAssembly (509ms)
			LoadAssemblies (71ms)
			RebuildTransferFunctionScriptingTraits (0ms)
			SetupTypeCache (170ms)
			ReleaseScriptCaches (0ms)
			RebuildScriptCaches (31ms)
			SetupLoadedEditorAssemblies (186ms)
				LogAssemblyErrors (0ms)
				InitializePlatformSupportModulesInManaged (5ms)
				SetLoadedEditorAssemblies (0ms)
				RefreshPlugins (39ms)
				BeforeProcessingInitializeOnLoad (15ms)
				ProcessInitializeOnLoadAttributes (94ms)
				ProcessInitializeOnLoadMethodAttributes (33ms)
				AfterProcessingInitializeOnLoad (0ms)
				EditorAssembliesLoaded (0ms)
			ExecutionOrderSort2 (0ms)
			AwakeInstancesAfterBackupRestoration (0ms)
Platform modules already initialized, skipping
Registering precompiled user dll's ...
Registered in 0.003217 seconds.
Begin MonoManager ReloadAssembly
Native extension for WindowsStandalone target not found
Refreshing native plugins compatible for Editor in 0.58 ms, found 2 plugins.
Preloading 0 native plugins for Editor in 0.00 ms.
Mono: successfully reloaded assembly
- Completed reload, in  1.166 seconds
Domain Reload Profiling:
	ReloadAssembly (1167ms)
		BeginReloadAssembly (171ms)
			ExecutionOrderSort (0ms)
			DisableScriptedObjects (6ms)
			BackupInstance (0ms)
			ReleaseScriptingObjects (0ms)
			CreateAndSetChildDomain (21ms)
		EndReloadAssembly (924ms)
			LoadAssemblies (106ms)
			RebuildTransferFunctionScriptingTraits (0ms)
			SetupTypeCache (308ms)
			ReleaseScriptCaches (0ms)
			RebuildScriptCaches (50ms)
			SetupLoadedEditorAssemblies (362ms)
				LogAssemblyErrors (0ms)
				InitializePlatformSupportModulesInManaged (5ms)
				SetLoadedEditorAssemblies (1ms)
				RefreshPlugins (1ms)
				BeforeProcessingInitializeOnLoad (103ms)
				ProcessInitializeOnLoadAttributes (235ms)
				ProcessInitializeOnLoadMethodAttributes (11ms)
				AfterProcessingInitializeOnLoad (7ms)
				EditorAssembliesLoaded (0ms)
			ExecutionOrderSort2 (0ms)
			AwakeInstancesAfterBackupRestoration (8ms)
Platform modules already initialized, skipping
========================================================================
Worker process is ready to serve import requests
Launched and connected shader compiler UnityShaderCompiler.exe after 0.05 seconds
Refreshing native plugins compatible for Editor in 0.38 ms, found 2 plugins.
Preloading 0 native plugins for Editor in 0.00 ms.
Unloading 1665 Unused Serialized files (Serialized files now loaded: 0)
System memory in use before: 80.5 MB.
System memory in use after: 80.6 MB.

Unloading 17 unused Assets to reduce memory usage. Loaded Objects now: 2114.
Total: 3.106700 ms (FindLiveObjects: 0.165100 ms CreateObjectMapping: 0.042200 ms MarkObjects: 2.835700 ms  DeleteObjects: 0.062600 ms)

AssetImportParameters requested are different than current active one (requested -> active):
  custom:framework-win-MediaFoundation: 216162199b28c13a410421893ffa2e32 -> 
  custom:video-decoder-ogg-theora: a1e56fd34408186e4bbccfd4996cb3dc -> 
  custom:container-muxer-webm: aa71ff27fc2769a1b78a27578f13a17b -> 
  custom:container-demuxer-webm: 4f35f7cbe854078d1ac9338744f61a02 -> 
  custom:container-demuxer-ogg: 62fdf1f143b41e24485cea50d1cbac27 -> 
  custom:video-encoder-webm-vp8: eb34c28f22e8b96e1ab97ce403110664 -> 
  custom:video-decoder-webm-vp8: 9c59270c3fd7afecdb556c50c9e8de78 -> 
  custom:audio-decoder-ogg-vorbis: bf7c407c2cedff20999df2af8eb42d56 -> 
  custom:audio-encoder-webm-vorbis: bf7c407c2cedff20999df2af8eb42d56 -> 
========================================================================
Received Import Request.
  path: Assets/Model/Player_boy/Running.fbx
  artifactKey: Guid(978d5c4388244c846bf9566d4e796f5a) Importer(815301076,1909f56bfc062723c751e8b465ee728b)
Start importing Assets/Model/Player_boy/Running.fbx using Guid(978d5c4388244c846bf9566d4e796f5a) Importer(815301076,1909f56bfc062723c751e8b465ee728b)  -> (artifact id: '25b98bb4266f4f9726dc9f542d5f93bf') in 0.198441 seconds 
  Import took 0.201922 seconds .

========================================================================
Received Import Request.
  Time since last request: 51.883848 seconds.
  path: Assets/Extra/Sample/Resource/Object
  artifactKey: Guid(4d8d5cb9b0acfa74c950a38cb8b69155) Importer(815301076,1909f56bfc062723c751e8b465ee728b)
Start importing Assets/Extra/Sample/Resource/Object using Guid(4d8d5cb9b0acfa74c950a38cb8b69155) Importer(815301076,1909f56bfc062723c751e8b465ee728b)  -> (artifact id: '65dddc2f797135d647a1b92dbbb67206') in 0.007677 seconds 
  Import took 0.011647 seconds .

========================================================================
Received Prepare
Registering precompiled user dll's ...
Registered in 0.003992 seconds.
Begin MonoManager ReloadAssembly
Native extension for WindowsStandalone target not found
Refreshing native plugins compatible for Editor in 0.58 ms, found 2 plugins.
Preloading 0 native plugins for Editor in 0.00 ms.
Mono: successfully reloaded assembly
- Completed reload, in  1.099 seconds
Domain Reload Profiling:
	ReloadAssembly (1099ms)
		BeginReloadAssembly (129ms)
			ExecutionOrderSort (0ms)
			DisableScriptedObjects (5ms)
			BackupInstance (0ms)
			ReleaseScriptingObjects (0ms)
			CreateAndSetChildDomain (36ms)
		EndReloadAssembly (885ms)
			LoadAssemblies (111ms)
			RebuildTransferFunctionScriptingTraits (0ms)
			SetupTypeCache (295ms)
			ReleaseScriptCaches (1ms)
			RebuildScriptCaches (44ms)
			SetupLoadedEditorAssemblies (339ms)
				LogAssemblyErrors (0ms)
				InitializePlatformSupportModulesInManaged (5ms)
				SetLoadedEditorAssemblies (1ms)
				RefreshPlugins (1ms)
				BeforeProcessingInitializeOnLoad (98ms)
				ProcessInitializeOnLoadAttributes (217ms)
				ProcessInitializeOnLoadMethodAttributes (10ms)
				AfterProcessingInitializeOnLoad (7ms)
				EditorAssembliesLoaded (0ms)
			ExecutionOrderSort2 (0ms)
			AwakeInstancesAfterBackupRestoration (7ms)
Platform modules already initialized, skipping
Refreshing native plugins compatible for Editor in 0.45 ms, found 2 plugins.
Preloading 0 native plugins for Editor in 0.00 ms.
Unloading 1654 Unused Serialized files (Serialized files now loaded: 0)
System memory in use before: 96.8 MB.
System memory in use after: 96.9 MB.

Unloading 12 unused Assets to reduce memory usage. Loaded Objects now: 2127.
Total: 3.042000 ms (FindLiveObjects: 0.169600 ms CreateObjectMapping: 0.043400 ms MarkObjects: 2.805400 ms  DeleteObjects: 0.022600 ms)

AssetImportParameters requested are different than current active one (requested -> active):
  custom:framework-win-MediaFoundation: 216162199b28c13a410421893ffa2e32 -> 
  custom:video-decoder-ogg-theora: a1e56fd34408186e4bbccfd4996cb3dc -> 
  custom:container-muxer-webm: aa71ff27fc2769a1b78a27578f13a17b -> 
  custom:container-demuxer-webm: 4f35f7cbe854078d1ac9338744f61a02 -> 
  custom:container-demuxer-ogg: 62fdf1f143b41e24485cea50d1cbac27 -> 
  custom:video-encoder-webm-vp8: eb34c28f22e8b96e1ab97ce403110664 -> 
  custom:video-decoder-webm-vp8: 9c59270c3fd7afecdb556c50c9e8de78 -> 
  custom:audio-decoder-ogg-vorbis: bf7c407c2cedff20999df2af8eb42d56 -> 
  custom:audio-encoder-webm-vorbis: bf7c407c2cedff20999df2af8eb42d56 -> 
========================================================================
Received Import Request.
  Time since last request: 58.220338 seconds.
  path: Assets/Model/Player_boy/Running.fbx
  artifactKey: Guid(978d5c4388244c846bf9566d4e796f5a) Importer(815301076,1909f56bfc062723c751e8b465ee728b)
Start importing Assets/Model/Player_boy/Running.fbx using Guid(978d5c4388244c846bf9566d4e796f5a) Importer(815301076,1909f56bfc062723c751e8b465ee728b)  -> (artifact id: 'a725893de6fe150c35e60dc7009102a0') in 0.121809 seconds 
  Import took 0.125217 seconds .

========================================================================
Received Import Request.
  Time since last request: 101.322135 seconds.
  path: Assets/Downtown Game Studio/HYPERCASUAL - Simple Female & Male Characters
  artifactKey: Guid(4c2498b9bb3e61849a1c5a7454d39a77) Importer(815301076,1909f56bfc062723c751e8b465ee728b)
Start importing Assets/Downtown Game Studio/HYPERCASUAL - Simple Female & Male Characters using Guid(4c2498b9bb3e61849a1c5a7454d39a77) Importer(815301076,1909f56bfc062723c751e8b465ee728b)  -> (artifact id: 'b32a918f6f0514eb25c96642e6caa8a1') in 0.007196 seconds 
  Import took 0.011625 seconds .

========================================================================
Received Import Request.
  Time since last request: 6.331689 seconds.
  path: Assets/Downtown Game Studio/HYPERCASUAL - Simple Female & Male Characters/Models
  artifactKey: Guid(2c03f7faaee6829439166e6f24c93a47) Importer(815301076,1909f56bfc062723c751e8b465ee728b)
Start importing Assets/Downtown Game Studio/HYPERCASUAL - Simple Female & Male Characters/Models using Guid(2c03f7faaee6829439166e6f24c93a47) Importer(815301076,1909f56bfc062723c751e8b465ee728b)  -> (artifact id: '43b0eb38d2cc853005e3de916437595e') in 0.008043 seconds 
  Import took 0.011362 seconds .

========================================================================
Received Prepare
Registering precompiled user dll's ...
Registered in 0.003487 seconds.
Begin MonoManager ReloadAssembly
Native extension for WindowsStandalone target not found
Refreshing native plugins compatible for Editor in 0.40 ms, found 2 plugins.
Preloading 0 native plugins for Editor in 0.00 ms.
Mono: successfully reloaded assembly
- Completed reload, in  1.074 seconds
Domain Reload Profiling:
	ReloadAssembly (1074ms)
		BeginReloadAssembly (123ms)
			ExecutionOrderSort (0ms)
			DisableScriptedObjects (5ms)
			BackupInstance (0ms)
			ReleaseScriptingObjects (0ms)
			CreateAndSetChildDomain (35ms)
		EndReloadAssembly (880ms)
			LoadAssemblies (104ms)
			RebuildTransferFunctionScriptingTraits (0ms)
			SetupTypeCache (299ms)
			ReleaseScriptCaches (1ms)
			RebuildScriptCaches (44ms)
			SetupLoadedEditorAssemblies (333ms)
				LogAssemblyErrors (0ms)
				InitializePlatformSupportModulesInManaged (5ms)
				SetLoadedEditorAssemblies (1ms)
				RefreshPlugins (0ms)
				BeforeProcessingInitializeOnLoad (96ms)
				ProcessInitializeOnLoadAttributes (213ms)
				ProcessInitializeOnLoadMethodAttributes (11ms)
				AfterProcessingInitializeOnLoad (7ms)
				EditorAssembliesLoaded (0ms)
			ExecutionOrderSort2 (0ms)
			AwakeInstancesAfterBackupRestoration (8ms)
Platform modules already initialized, skipping
Refreshing native plugins compatible for Editor in 0.42 ms, found 2 plugins.
Preloading 0 native plugins for Editor in 0.00 ms.
Unloading 1654 Unused Serialized files (Serialized files now loaded: 0)
System memory in use before: 96.8 MB.
System memory in use after: 96.9 MB.

Unloading 12 unused Assets to reduce memory usage. Loaded Objects now: 2130.
Total: 3.191800 ms (FindLiveObjects: 0.163400 ms CreateObjectMapping: 0.043700 ms MarkObjects: 2.958800 ms  DeleteObjects: 0.024600 ms)

AssetImportParameters requested are different than current active one (requested -> active):
  custom:framework-win-MediaFoundation: 216162199b28c13a410421893ffa2e32 -> 
  custom:video-decoder-ogg-theora: a1e56fd34408186e4bbccfd4996cb3dc -> 
  custom:container-muxer-webm: aa71ff27fc2769a1b78a27578f13a17b -> 
  custom:container-demuxer-webm: 4f35f7cbe854078d1ac9338744f61a02 -> 
  custom:container-demuxer-ogg: 62fdf1f143b41e24485cea50d1cbac27 -> 
  custom:video-encoder-webm-vp8: eb34c28f22e8b96e1ab97ce403110664 -> 
  custom:video-decoder-webm-vp8: 9c59270c3fd7afecdb556c50c9e8de78 -> 
  custom:audio-decoder-ogg-vorbis: bf7c407c2cedff20999df2af8eb42d56 -> 
  custom:audio-encoder-webm-vorbis: bf7c407c2cedff20999df2af8eb42d56 -> 
========================================================================
Received Import Request.
  Time since last request: 17.164234 seconds.
  path: Assets/Downtown Game Studio/HYPERCASUAL - Simple Female & Male Characters/Models/Male.fbx
  artifactKey: Guid(1d78607769d52804ebcf22480781bd15) Importer(815301076,1909f56bfc062723c751e8b465ee728b)
Start importing Assets/Downtown Game Studio/HYPERCASUAL - Simple Female & Male Characters/Models/Male.fbx using Guid(1d78607769d52804ebcf22480781bd15) Importer(815301076,1909f56bfc062723c751e8b465ee728b)  -> (artifact id: '96e090cc50399899b461c85b9aa102c4') in 0.124149 seconds 
  Import took 0.127736 seconds .

========================================================================
Received Import Request.
  Time since last request: 193.507609 seconds.
  path: Assets/Model/Player_boy/Running.fbx
  artifactKey: Guid(978d5c4388244c846bf9566d4e796f5a) Importer(815301076,1909f56bfc062723c751e8b465ee728b)
Start importing Assets/Model/Player_boy/Running.fbx using Guid(978d5c4388244c846bf9566d4e796f5a) Importer(815301076,1909f56bfc062723c751e8b465ee728b)  -> (artifact id: 'e4069a2e5afd4baf88d6716ba67f6b77') in 0.045864 seconds 
  Import took 0.049782 seconds .

========================================================================
Received Prepare
Registering precompiled user dll's ...
Registered in 0.003193 seconds.
Begin MonoManager ReloadAssembly
Native extension for WindowsStandalone target not found
Refreshing native plugins compatible for Editor in 0.40 ms, found 2 plugins.
Preloading 0 native plugins for Editor in 0.00 ms.
Mono: successfully reloaded assembly
- Completed reload, in  1.057 seconds
Domain Reload Profiling:
	ReloadAssembly (1058ms)
		BeginReloadAssembly (120ms)
			ExecutionOrderSort (0ms)
			DisableScriptedObjects (5ms)
			BackupInstance (0ms)
			ReleaseScriptingObjects (0ms)
			CreateAndSetChildDomain (34ms)
		EndReloadAssembly (867ms)
			LoadAssemblies (106ms)
			RebuildTransferFunctionScriptingTraits (0ms)
			SetupTypeCache (292ms)
			ReleaseScriptCaches (1ms)
			RebuildScriptCaches (44ms)
			SetupLoadedEditorAssemblies (327ms)
				LogAssemblyErrors (0ms)
				InitializePlatformSupportModulesInManaged (5ms)
				SetLoadedEditorAssemblies (1ms)
				RefreshPlugins (0ms)
				BeforeProcessingInitializeOnLoad (95ms)
				ProcessInitializeOnLoadAttributes (209ms)
				ProcessInitializeOnLoadMethodAttributes (10ms)
				AfterProcessingInitializeOnLoad (7ms)
				EditorAssembliesLoaded (0ms)
			ExecutionOrderSort2 (0ms)
			AwakeInstancesAfterBackupRestoration (7ms)
Platform modules already initialized, skipping
Refreshing native plugins compatible for Editor in 0.39 ms, found 2 plugins.
Preloading 0 native plugins for Editor in 0.00 ms.
Unloading 1654 Unused Serialized files (Serialized files now loaded: 0)
System memory in use before: 97.0 MB.
System memory in use after: 97.1 MB.

Unloading 12 unused Assets to reduce memory usage. Loaded Objects now: 2166.
Total: 3.052600 ms (FindLiveObjects: 0.175200 ms CreateObjectMapping: 0.043500 ms MarkObjects: 2.812800 ms  DeleteObjects: 0.020100 ms)

AssetImportParameters requested are different than current active one (requested -> active):
  custom:framework-win-MediaFoundation: 216162199b28c13a410421893ffa2e32 -> 
  custom:video-decoder-ogg-theora: a1e56fd34408186e4bbccfd4996cb3dc -> 
  custom:container-muxer-webm: aa71ff27fc2769a1b78a27578f13a17b -> 
  custom:container-demuxer-webm: 4f35f7cbe854078d1ac9338744f61a02 -> 
  custom:container-demuxer-ogg: 62fdf1f143b41e24485cea50d1cbac27 -> 
  custom:video-encoder-webm-vp8: eb34c28f22e8b96e1ab97ce403110664 -> 
  custom:video-decoder-webm-vp8: 9c59270c3fd7afecdb556c50c9e8de78 -> 
  custom:audio-decoder-ogg-vorbis: bf7c407c2cedff20999df2af8eb42d56 -> 
  custom:audio-encoder-webm-vorbis: bf7c407c2cedff20999df2af8eb42d56 -> 
========================================================================
Received Import Request.
  Time since last request: 67.491768 seconds.
  path: Assets/Model/Player_boy/Running.fbx
  artifactKey: Guid(978d5c4388244c846bf9566d4e796f5a) Importer(815301076,1909f56bfc062723c751e8b465ee728b)
Start importing Assets/Model/Player_boy/Running.fbx using Guid(978d5c4388244c846bf9566d4e796f5a) Importer(815301076,1909f56bfc062723c751e8b465ee728b)  -> (artifact id: 'a8d648648c7d519dc19bd8da70b40416') in 0.109656 seconds 
  Import took 0.112864 seconds .

========================================================================
Received Import Request.
  Time since last request: 45.333268 seconds.
  path: Assets/Downtown Game Studio/HYPERCASUAL - Simple Female & Male Characters/Models/Male.fbx
  artifactKey: Guid(1d78607769d52804ebcf22480781bd15) Importer(815301076,1909f56bfc062723c751e8b465ee728b)
Start importing Assets/Downtown Game Studio/HYPERCASUAL - Simple Female & Male Characters/Models/Male.fbx using Guid(1d78607769d52804ebcf22480781bd15) Importer(815301076,1909f56bfc062723c751e8b465ee728b)  -> (artifact id: 'e852ddea1a073661561335e4e51ccd11') in 0.056374 seconds 
  Import took 0.060167 seconds .

========================================================================
Received Import Request.
  Time since last request: 11.567365 seconds.
  path: Assets/Downtown Game Studio/HYPERCASUAL - Simple Female & Male Characters/Models/Male.fbx
  artifactKey: Guid(1d78607769d52804ebcf22480781bd15) Importer(815301076,1909f56bfc062723c751e8b465ee728b)
Start importing Assets/Downtown Game Studio/HYPERCASUAL - Simple Female & Male Characters/Models/Male.fbx using Guid(1d78607769d52804ebcf22480781bd15) Importer(815301076,1909f56bfc062723c751e8b465ee728b)  -> (artifact id: '84400ada8dfb1def0e633c7aa2d48639') in 0.046886 seconds 
  Import took 0.050512 seconds .

========================================================================
Received Import Request.
  Time since last request: 12.623816 seconds.
  path: Assets/Downtown Game Studio/HYPERCASUAL - Simple Female & Male Characters/Models/Male.fbx
  artifactKey: Guid(1d78607769d52804ebcf22480781bd15) Importer(815301076,1909f56bfc062723c751e8b465ee728b)
Start importing Assets/Downtown Game Studio/HYPERCASUAL - Simple Female & Male Characters/Models/Male.fbx using Guid(1d78607769d52804ebcf22480781bd15) Importer(815301076,1909f56bfc062723c751e8b465ee728b)  -> (artifact id: '5f902c44b647410e435e93f7fb44fd94') in 0.037391 seconds 
  Import took 0.040509 seconds .

AssetImportWorkerClient::OnTransportError - code=2 error=End of file
